# JRE version: OpenJDK Runtime Environment Temurin-21.0.10+7 (21.0.10+7) (build 21.0.10+7-LTS)
# Java VM: OpenJDK 64-Bit Server VM Temurin-21.0.10+7 (21.0.10+7-LTS, mixed mode, sharing, tiered, compressed oops, compressed class ptrs, parallel gc, windows-amd64)
GC Precious Log:
 CardTable entry size: 512
 CPUs: 12 total, 12 available
 Memory: 16068M
 Large Page Support: Disabled
 NUMA Support: Disabled
 Compressed Oops: Enabled (32-bit)
 Alignments: Space 512K, Generation 512K, Heap 2M
 Heap Min Capacity: 100M
 Heap Initial Capacity: 100M
 Heap Max Capacity: 2G
 Pre-touch: Disabled
 Parallel Workers: 10
Heap:
 PSYoungGen      total 5120K, used 1045K [0x00000000d5580000, 0x00000000d5b00000, 0x0000000100000000)
  eden space 4096K, 18% used [0x00000000d5580000,0x00000000d563d4a0,0x00000000d5980000)
  from space 1024K, 28% used [0x00000000d5980000,0x00000000d59c8000,0x00000000d5a80000)
  to   space 512K, 0% used [0x00000000d5a80000,0x00000000d5a80000,0x00000000d5b00000)
 ParOldGen       total 802816K, used 387467K [0x0000000080000000, 0x00000000b1000000, 0x00000000d5580000)
  object space 802816K, 48% used [0x0000000080000000,0x0000000097a62c80,0x00000000b1000000)
 Metaspace       used 77495K, committed 79232K, reserved 1179648K
  class space    used 7899K, committed 8640K, reserved 1048576K
GC Heap History (20 events):
Event: 1315.710 GC heap before
{Heap before GC invocations=869 (full 4):
 PSYoungGen      total 4608K, used 4311K [0x00000000d5580000, 0x00000000d5b00000, 0x0000000100000000)
  eden space 4096K, 99% used [0x00000000d5580000,0x00000000d5975ea0,0x00000000d5980000)
  from space 512K, 50% used [0x00000000d5a80000,0x00000000d5ac0000,0x00000000d5b00000)
  to   space 512K, 0% used [0x00000000d5a00000,0x00000000d5a00000,0x00000000d5a80000)
 ParOldGen       total 802816K, used 353932K [0x0000000080000000, 0x00000000b1000000, 0x00000000d5580000)
  object space 802816K, 44% used [0x0000000080000000,0x00000000959a3108,0x00000000b1000000)
 Metaspace       used 75478K, committed 77248K, reserved 1179648K
  class space    used 7710K, committed 8448K, reserved 1048576K
}
Event: 1315.710 GC heap after
{Heap after GC invocations=869 (full 4):
 PSYoungGen      total 4608K, used 160K [0x00000000d5580000, 0x00000000d5b00000, 0x0000000100000000)
  eden space 4096K, 0% used [0x00000000d5580000,0x00000000d5580000,0x00000000d5980000)
  from space 512K, 31% used [0x00000000d5a00000,0x00000000d5a28000,0x00000000d5a80000)
  to   space 512K, 0% used [0x00000000d5a80000,0x00000000d5a80000,0x00000000d5b00000)
 ParOldGen       total 802816K, used 353996K [0x0000000080000000, 0x00000000b1000000, 0x00000000d5580000)
  object space 802816K, 44% used [0x0000000080000000,0x00000000959b3108,0x00000000b1000000)
 Metaspace       used 75478K, committed 77248K, reserved 1179648K
  class space    used 7710K, committed 8448K, reserved 1048576K
}
Event: 1315.715 GC heap before
{Heap before GC invocations=870 (full 4):
 PSYoungGen      total 4608K, used 4256K [0x00000000d5580000, 0x00000000d5b00000, 0x0000000100000000)
  eden space 4096K, 100% used [0x00000000d5580000,0x00000000d5980000,0x00000000d5980000)
  from space 512K, 31% used [0x00000000d5a00000,0x00000000d5a28000,0x00000000d5a80000)
  to   space 512K, 0% used [0x00000000d5a80000,0x00000000d5a80000,0x00000000d5b00000)
 ParOldGen       total 802816K, used 353996K [0x0000000080000000, 0x00000000b1000000, 0x00000000d5580000)
  object space 802816K, 44% used [0x0000000080000000,0x00000000959b3108,0x00000000b1000000)
 Metaspace       used 75479K, committed 77248K, reserved 1179648K
  class space    used 7710K, committed 8448K, reserved 1048576K
}
Event: 1315.716 GC heap after
{Heap after GC invocations=870 (full 4):
 PSYoungGen      total 4608K, used 425K [0x00000000d5580000, 0x00000000d5b00000, 0x0000000100000000)
  eden space 4096K, 0% used [0x00000000d5580000,0x00000000d5580000,0x00000000d5980000)
  from space 512K, 83% used [0x00000000d5a80000,0x00000000d5aea400,0x00000000d5b00000)
  to   space 512K, 0% used [0x00000000d5a00000,0x00000000d5a00000,0x00000000d5a80000)
 ParOldGen       total 802816K, used 354036K [0x0000000080000000, 0x00000000b1000000, 0x00000000d5580000)
  object space 802816K, 44% used [0x0000000080000000,0x00000000959bd108,0x00000000b1000000)
 Metaspace       used 75479K, committed 77248K, reserved 1179648K
  class space    used 7710K, committed 8448K, reserved 1048576K
}
Event: 1315.719 GC heap before
{Heap before GC invocations=871 (full 4):
 PSYoungGen      total 4608K, used 4521K [0x00000000d5580000, 0x00000000d5b00000, 0x0000000100000000)
  eden space 4096K, 100% used [0x00000000d5580000,0x00000000d5980000,0x00000000d5980000)
  from space 512K, 83% used [0x00000000d5a80000,0x00000000d5aea400,0x00000000d5b00000)
  to   space 512K, 0% used [0x00000000d5a00000,0x00000000d5a00000,0x00000000d5a80000)
 ParOldGen       total 802816K, used 354036K [0x0000000080000000, 0x00000000b1000000, 0x00000000d5580000)
  object space 802816K, 44% used [0x0000000080000000,0x00000000959bd108,0x00000000b1000000)
 Metaspace       used 75479K, committed 77248K, reserved 1179648K
  class space    used 7710K, committed 8448K, reserved 1048576K
}
Event: 1315.720 GC heap after
{Heap after GC invocations=871 (full 4):
 PSYoungGen      total 4608K, used 416K [0x00000000d5580000, 0x00000000d5b00000, 0x0000000100000000)
  eden space 4096K, 0% used [0x00000000d5580000,0x00000000d5580000,0x00000000d5980000)
  from space 512K, 81% used [0x00000000d5a00000,0x00000000d5a68000,0x00000000d5a80000)
  to   space 512K, 0% used [0x00000000d5a80000,0x00000000d5a80000,0x00000000d5b00000)
 ParOldGen       total 802816K, used 354333K [0x0000000080000000, 0x00000000b1000000, 0x00000000d5580000)
  object space 802816K, 44% used [0x0000000080000000,0x0000000095a07508,0x00000000b1000000)
 Metaspace       used 75479K, committed 77248K, reserved 1179648K
  class space    used 7710K, committed 8448K, reserved 1048576K
}
Event: 1317.949 GC heap before
{Heap before GC invocations=872 (full 4):
 PSYoungGen      total 4608K, used 4511K [0x00000000d5580000, 0x00000000d5b00000, 0x0000000100000000)
  eden space 4096K, 99% used [0x00000000d5580000,0x00000000d597fff0,0x00000000d5980000)
  from space 512K, 81% used [0x00000000d5a00000,0x00000000d5a68000,0x00000000d5a80000)
  to   space 512K, 0% used [0x00000000d5a80000,0x00000000d5a80000,0x00000000d5b00000)
 ParOldGen       total 802816K, used 385053K [0x0000000080000000, 0x00000000b1000000, 0x00000000d5580000)
  object space 802816K, 47% used [0x0000000080000000,0x0000000097807538,0x00000000b1000000)
 Metaspace       used 75493K, committed 77312K, reserved 1179648K
  class space    used 7711K, committed 8512K, reserved 1048576K
}
Event: 1317.950 GC heap after
{Heap after GC invocations=872 (full 4):
 PSYoungGen      total 4608K, used 352K [0x00000000d5580000, 0x00000000d5b00000, 0x0000000100000000)
  eden space 4096K, 0% used [0x00000000d5580000,0x00000000d5580000,0x00000000d5980000)
  from space 512K, 68% used [0x00000000d5a80000,0x00000000d5ad8000,0x00000000d5b00000)
  to   space 512K, 0% used [0x00000000d5a00000,0x00000000d5a00000,0x00000000d5a80000)
 ParOldGen       total 802816K, used 385381K [0x0000000080000000, 0x00000000b1000000, 0x00000000d5580000)
  object space 802816K, 48% used [0x0000000080000000,0x0000000097859538,0x00000000b1000000)
 Metaspace       used 75493K, committed 77312K, reserved 1179648K
  class space    used 7711K, committed 8512K, reserved 1048576K
}
Event: 1346.361 GC heap before
{Heap before GC invocations=873 (full 4):
 PSYoungGen      total 4608K, used 4446K [0x00000000d5580000, 0x00000000d5b00000, 0x0000000100000000)
  eden space 4096K, 99% used [0x00000000d5580000,0x00000000d597f8f8,0x00000000d5980000)
  from space 512K, 68% used [0x00000000d5a80000,0x00000000d5ad8000,0x00000000d5b00000)
  to   space 512K, 0% used [0x00000000d5a00000,0x00000000d5a00000,0x00000000d5a80000)
 ParOldGen       total 802816K, used 385381K [0x0000000080000000, 0x00000000b1000000, 0x00000000d5580000)
  object space 802816K, 48% used [0x0000000080000000,0x0000000097859538,0x00000000b1000000)
 Metaspace       used 75704K, committed 77504K, reserved 1179648K
  class space    used 7724K, committed 8512K, reserved 1048576K
}
Event: 1346.363 GC heap after
{Heap after GC invocations=873 (full 4):
 PSYoungGen      total 4608K, used 320K [0x00000000d5580000, 0x00000000d5b00000, 0x0000000100000000)
  eden space 4096K, 0% used [0x00000000d5580000,0x00000000d5580000,0x00000000d5980000)
  from space 512K, 62% used [0x00000000d5a00000,0x00000000d5a50000,0x00000000d5a80000)
  to   space 512K, 0% used [0x00000000d5a80000,0x00000000d5a80000,0x00000000d5b00000)
 ParOldGen       total 802816K, used 385549K [0x0000000080000000, 0x00000000b1000000, 0x00000000d5580000)
  object space 802816K, 48% used [0x0000000080000000,0x0000000097883538,0x00000000b1000000)
 Metaspace       used 75704K, committed 77504K, reserved 1179648K
  class space    used 7724K, committed 8512K, reserved 1048576K
}
Event: 1346.524 GC heap before
{Heap before GC invocations=874 (full 4):
 PSYoungGen      total 4608K, used 4416K [0x00000000d5580000, 0x00000000d5b00000, 0x0000000100000000)
  eden space 4096K, 100% used [0x00000000d5580000,0x00000000d5980000,0x00000000d5980000)
  from space 512K, 62% used [0x00000000d5a00000,0x00000000d5a50000,0x00000000d5a80000)
  to   space 512K, 0% used [0x00000000d5a80000,0x00000000d5a80000,0x00000000d5b00000)
 ParOldGen       total 802816K, used 385549K [0x0000000080000000, 0x00000000b1000000, 0x00000000d5580000)
  object space 802816K, 48% used [0x0000000080000000,0x0000000097883538,0x00000000b1000000)
 Metaspace       used 76100K, committed 77824K, reserved 1179648K
  class space    used 7770K, committed 8512K, reserved 1048576K
}
Event: 1346.526 GC heap after
{Heap after GC invocations=874 (full 4):
 PSYoungGen      total 4608K, used 400K [0x00000000d5580000, 0x00000000d5b00000, 0x0000000100000000)
  eden space 4096K, 0% used [0x00000000d5580000,0x00000000d5580000,0x00000000d5980000)
  from space 512K, 78% used [0x00000000d5a80000,0x00000000d5ae4030,0x00000000d5b00000)
  to   space 512K, 0% used [0x00000000d5a00000,0x00000000d5a00000,0x00000000d5a80000)
 ParOldGen       total 802816K, used 385669K [0x0000000080000000, 0x00000000b1000000, 0x00000000d5580000)
  object space 802816K, 48% used [0x0000000080000000,0x00000000978a1538,0x00000000b1000000)
 Metaspace       used 76100K, committed 77824K, reserved 1179648K
  class space    used 7770K, committed 8512K, reserved 1048576K
}
Event: 1346.538 GC heap before
{Heap before GC invocations=875 (full 4):
 PSYoungGen      total 4608K, used 4496K [0x00000000d5580000, 0x00000000d5b00000, 0x0000000100000000)
  eden space 4096K, 100% used [0x00000000d5580000,0x00000000d5980000,0x00000000d5980000)
  from space 512K, 78% used [0x00000000d5a80000,0x00000000d5ae4030,0x00000000d5b00000)
  to   space 512K, 0% used [0x00000000d5a00000,0x00000000d5a00000,0x00000000d5a80000)
 ParOldGen       total 802816K, used 385669K [0x0000000080000000, 0x00000000b1000000, 0x00000000d5580000)
  object space 802816K, 48% used [0x0000000080000000,0x00000000978a1538,0x00000000b1000000)
 Metaspace       used 76130K, committed 77824K, reserved 1179648K
  class space    used 7777K, committed 8512K, reserved 1048576K
}
Event: 1346.540 GC heap after
{Heap after GC invocations=875 (full 4):
 PSYoungGen      total 4608K, used 489K [0x00000000d5580000, 0x00000000d5b80000, 0x0000000100000000)
  eden space 4096K, 0% used [0x00000000d5580000,0x00000000d5580000,0x00000000d5980000)
  from space 512K, 95% used [0x00000000d5a00000,0x00000000d5a7a400,0x00000000d5a80000)
  to   space 1024K, 0% used [0x00000000d5a80000,0x00000000d5a80000,0x00000000d5b80000)
 ParOldGen       total 802816K, used 385905K [0x0000000080000000, 0x00000000b1000000, 0x00000000d5580000)
  object space 802816K, 48% used [0x0000000080000000,0x00000000978dc5b0,0x00000000b1000000)
 Metaspace       used 76130K, committed 77824K, reserved 1179648K
  class space    used 7777K, committed 8512K, reserved 1048576K
}
Event: 1346.601 GC heap before
{Heap before GC invocations=876 (full 4):
 PSYoungGen      total 4608K, used 4585K [0x00000000d5580000, 0x00000000d5b80000, 0x0000000100000000)
  eden space 4096K, 100% used [0x00000000d5580000,0x00000000d5980000,0x00000000d5980000)
  from space 512K, 95% used [0x00000000d5a00000,0x00000000d5a7a400,0x00000000d5a80000)
  to   space 1024K, 0% used [0x00000000d5a80000,0x00000000d5a80000,0x00000000d5b80000)
 ParOldGen       total 802816K, used 385905K [0x0000000080000000, 0x00000000b1000000, 0x00000000d5580000)
  object space 802816K, 48% used [0x0000000080000000,0x00000000978dc5b0,0x00000000b1000000)
 Metaspace       used 76184K, committed 77952K, reserved 1179648K
  class space    used 7783K, committed 8576K, reserved 1048576K
}
Event: 1346.603 GC heap after
{Heap after GC invocations=876 (full 4):
 PSYoungGen      total 5120K, used 608K [0x00000000d5580000, 0x00000000d5b80000, 0x0000000100000000)
  eden space 4096K, 0% used [0x00000000d5580000,0x00000000d5580000,0x00000000d5980000)
  from space 1024K, 59% used [0x00000000d5a80000,0x00000000d5b18000,0x00000000d5b80000)
  to   space 1024K, 0% used [0x00000000d5980000,0x00000000d5980000,0x00000000d5a80000)
 ParOldGen       total 802816K, used 386386K [0x0000000080000000, 0x00000000b1000000, 0x00000000d5580000)
  object space 802816K, 48% used [0x0000000080000000,0x00000000979549c0,0x00000000b1000000)
 Metaspace       used 76184K, committed 77952K, reserved 1179648K
  class space    used 7783K, committed 8576K, reserved 1048576K
}
Event: 1346.682 GC heap before
{Heap before GC invocations=877 (full 4):
 PSYoungGen      total 5120K, used 4703K [0x00000000d5580000, 0x00000000d5b80000, 0x0000000100000000)
  eden space 4096K, 99% used [0x00000000d5580000,0x00000000d597ffd0,0x00000000d5980000)
  from space 1024K, 59% used [0x00000000d5a80000,0x00000000d5b18000,0x00000000d5b80000)
  to   space 1024K, 0% used [0x00000000d5980000,0x00000000d5980000,0x00000000d5a80000)
 ParOldGen       total 802816K, used 386386K [0x0000000080000000, 0x00000000b1000000, 0x00000000d5580000)
  object space 802816K, 48% used [0x0000000080000000,0x00000000979549c0,0x00000000b1000000)
 Metaspace       used 76748K, committed 78528K, reserved 1179648K
  class space    used 7834K, committed 8640K, reserved 1048576K
}
Event: 1346.685 GC heap after
{Heap after GC invocations=877 (full 4):
 PSYoungGen      total 5120K, used 532K [0x00000000d5580000, 0x00000000d5b80000, 0x0000000100000000)
  eden space 4096K, 0% used [0x00000000d5580000,0x00000000d5580000,0x00000000d5980000)
  from space 1024K, 51% used [0x00000000d5980000,0x00000000d5a05100,0x00000000d5a80000)
  to   space 1024K, 0% used [0x00000000d5a80000,0x00000000d5a80000,0x00000000d5b80000)
 ParOldGen       total 802816K, used 386870K [0x0000000080000000, 0x00000000b1000000, 0x00000000d5580000)
  object space 802816K, 48% used [0x0000000080000000,0x00000000979cd9d0,0x00000000b1000000)
 Metaspace       used 76748K, committed 78528K, reserved 1179648K
  class space    used 7834K, committed 8640K, reserved 1048576K
}
Event: 1346.805 GC heap before
{Heap before GC invocations=878 (full 4):
 PSYoungGen      total 5120K, used 4627K [0x00000000d5580000, 0x00000000d5b80000, 0x0000000100000000)
  eden space 4096K, 99% used [0x00000000d5580000,0x00000000d597fb00,0x00000000d5980000)
  from space 1024K, 51% used [0x00000000d5980000,0x00000000d5a05100,0x00000000d5a80000)
  to   space 1024K, 0% used [0x00000000d5a80000,0x00000000d5a80000,0x00000000d5b80000)
 ParOldGen       total 802816K, used 386870K [0x0000000080000000, 0x00000000b1000000, 0x00000000d5580000)
  object space 802816K, 48% used [0x0000000080000000,0x00000000979cd9d0,0x00000000b1000000)
 Metaspace       used 76848K, committed 78656K, reserved 1179648K
  class space    used 7842K, committed 8640K, reserved 1048576K
}
Event: 1346.807 GC heap after
{Heap after GC invocations=878 (full 4):
 PSYoungGen      total 5120K, used 762K [0x00000000d5580000, 0x00000000d5b80000, 0x0000000100000000)
  eden space 4096K, 0% used [0x00000000d5580000,0x00000000d5580000,0x00000000d5980000)
  from space 1024K, 74% used [0x00000000d5a80000,0x00000000d5b3e9a8,0x00000000d5b80000)
  to   space 1024K, 0% used [0x00000000d5980000,0x00000000d5980000,0x00000000d5a80000)
 ParOldGen       total 802816K, used 387094K [0x0000000080000000, 0x00000000b1000000, 0x00000000d5580000)
  object space 802816K, 48% used [0x0000000080000000,0x0000000097a059f0,0x00000000b1000000)
 Metaspace       used 76848K, committed 78656K, reserved 1179648K
  class space    used 7842K, committed 8640K, reserved 1048576K
}

