# JRE version: OpenJDK Runtime Environment Temurin-21.0.10+7 (21.0.10+7) (build 21.0.10+7-LTS)
# Java VM: OpenJDK 64-Bit Server VM Temurin-21.0.10+7 (21.0.10+7-LTS, mixed mode, sharing, tiered, compressed oops, compressed class ptrs, parallel gc, windows-amd64)
GC Precious Log:
 CardTable entry size: 512
 CPUs: 12 total, 12 available
 Memory: 16068M
 Large Page Support: Disabled
 NUMA Support: Disabled
 Compressed Oops: Enabled (32-bit)
 Alignments: Space 512K, Generation 512K, Heap 2M
 Heap Min Capacity: 100M
 Heap Initial Capacity: 100M
 Heap Max Capacity: 2G
 Pre-touch: Disabled
 Parallel Workers: 10
Heap:
 PSYoungGen      total 13312K, used 9230K [0x00000000d5580000, 0x00000000d6480000, 0x0000000100000000)
  eden space 11264K, 67% used [0x00000000d5580000,0x00000000d5ced410,0x00000000d6080000)
  from space 2048K, 79% used [0x00000000d6080000,0x00000000d6216450,0x00000000d6280000)
  to   space 2048K, 0% used [0x00000000d6280000,0x00000000d6280000,0x00000000d6480000)
 ParOldGen       total 798208K, used 798193K [0x0000000080000000, 0x00000000b0b80000, 0x00000000d5580000)
  object space 798208K, 99% used [0x0000000080000000,0x00000000b0b7c730,0x00000000b0b80000)
 Metaspace       used 80316K, committed 82240K, reserved 1179648K
  class space    used 8111K, committed 8960K, reserved 1048576K
GC Heap History (20 events):
Event: 990.224 GC heap before
{Heap before GC invocations=672 (full 4):
 PSYoungGen      total 8704K, used 8688K [0x00000000d5580000, 0x00000000d6380000, 0x0000000100000000)
  eden space 7680K, 100% used [0x00000000d5580000,0x00000000d5d00000,0x00000000d5d00000)
  from space 1024K, 98% used [0x00000000d5d00000,0x00000000d5dfc010,0x00000000d5e00000)
  to   space 2560K, 0% used [0x00000000d6100000,0x00000000d6100000,0x00000000d6380000)
 ParOldGen       total 788480K, used 788135K [0x0000000080000000, 0x00000000b0200000, 0x00000000d5580000)
  object space 788480K, 99% used [0x0000000080000000,0x00000000b01a9ef8,0x00000000b0200000)
 Metaspace       used 79494K, committed 81344K, reserved 1179648K
  class space    used 7996K, committed 8832K, reserved 1048576K
}
Event: 990.230 GC heap after
{Heap after GC invocations=672 (full 4):
 PSYoungGen      total 10752K, used 1475K [0x00000000d5580000, 0x00000000d6280000, 0x0000000100000000)
  eden space 9216K, 0% used [0x00000000d5580000,0x00000000d5580000,0x00000000d5e80000)
  from space 1536K, 96% used [0x00000000d6100000,0x00000000d6270ec8,0x00000000d6280000)
  to   space 2048K, 0% used [0x00000000d5e80000,0x00000000d5e80000,0x00000000d6080000)
 ParOldGen       total 789504K, used 789135K [0x0000000080000000, 0x00000000b0300000, 0x00000000d5580000)
  object space 789504K, 99% used [0x0000000080000000,0x00000000b02a3f28,0x00000000b0300000)
 Metaspace       used 79494K, committed 81344K, reserved 1179648K
  class space    used 7996K, committed 8832K, reserved 1048576K
}
Event: 990.255 GC heap before
{Heap before GC invocations=673 (full 4):
 PSYoungGen      total 10752K, used 10691K [0x00000000d5580000, 0x00000000d6280000, 0x0000000100000000)
  eden space 9216K, 100% used [0x00000000d5580000,0x00000000d5e80000,0x00000000d5e80000)
  from space 1536K, 96% used [0x00000000d6100000,0x00000000d6270ec8,0x00000000d6280000)
  to   space 2048K, 0% used [0x00000000d5e80000,0x00000000d5e80000,0x00000000d6080000)
 ParOldGen       total 789504K, used 789135K [0x0000000080000000, 0x00000000b0300000, 0x00000000d5580000)
  object space 789504K, 99% used [0x0000000080000000,0x00000000b02a3f28,0x00000000b0300000)
 Metaspace       used 79495K, committed 81344K, reserved 1179648K
  class space    used 7996K, committed 8832K, reserved 1048576K
}
Event: 990.262 GC heap after
{Heap after GC invocations=673 (full 4):
 PSYoungGen      total 11264K, used 1008K [0x00000000d5580000, 0x00000000d6380000, 0x0000000100000000)
  eden space 9216K, 0% used [0x00000000d5580000,0x00000000d5580000,0x00000000d5e80000)
  from space 2048K, 49% used [0x00000000d5e80000,0x00000000d5f7c050,0x00000000d6080000)
  to   space 1536K, 0% used [0x00000000d6200000,0x00000000d6200000,0x00000000d6380000)
 ParOldGen       total 790528K, used 790437K [0x0000000080000000, 0x00000000b0400000, 0x00000000d5580000)
  object space 790528K, 99% used [0x0000000080000000,0x00000000b03e95a8,0x00000000b0400000)
 Metaspace       used 79495K, committed 81344K, reserved 1179648K
  class space    used 7996K, committed 8832K, reserved 1048576K
}
Event: 990.278 GC heap before
{Heap before GC invocations=674 (full 4):
 PSYoungGen      total 11264K, used 10224K [0x00000000d5580000, 0x00000000d6380000, 0x0000000100000000)
  eden space 9216K, 100% used [0x00000000d5580000,0x00000000d5e80000,0x00000000d5e80000)
  from space 2048K, 49% used [0x00000000d5e80000,0x00000000d5f7c050,0x00000000d6080000)
  to   space 1536K, 0% used [0x00000000d6200000,0x00000000d6200000,0x00000000d6380000)
 ParOldGen       total 790528K, used 790437K [0x0000000080000000, 0x00000000b0400000, 0x00000000d5580000)
  object space 790528K, 99% used [0x0000000080000000,0x00000000b03e95a8,0x00000000b0400000)
 Metaspace       used 79498K, committed 81344K, reserved 1179648K
  class space    used 7996K, committed 8832K, reserved 1048576K
}
Event: 990.291 GC heap after
{Heap after GC invocations=674 (full 4):
 PSYoungGen      total 12800K, used 1280K [0x00000000d5580000, 0x00000000d6380000, 0x0000000100000000)
  eden space 11264K, 0% used [0x00000000d5580000,0x00000000d5580000,0x00000000d6080000)
  from space 1536K, 83% used [0x00000000d6200000,0x00000000d6340040,0x00000000d6380000)
  to   space 1536K, 0% used [0x00000000d6080000,0x00000000d6080000,0x00000000d6200000)
 ParOldGen       total 791552K, used 791317K [0x0000000080000000, 0x00000000b0500000, 0x00000000d5580000)
  object space 791552K, 99% used [0x0000000080000000,0x00000000b04c5608,0x00000000b0500000)
 Metaspace       used 79498K, committed 81344K, reserved 1179648K
  class space    used 7996K, committed 8832K, reserved 1048576K
}
Event: 990.627 GC heap before
{Heap before GC invocations=675 (full 4):
 PSYoungGen      total 12800K, used 12538K [0x00000000d5580000, 0x00000000d6380000, 0x0000000100000000)
  eden space 11264K, 99% used [0x00000000d5580000,0x00000000d607e9d8,0x00000000d6080000)
  from space 1536K, 83% used [0x00000000d6200000,0x00000000d6340040,0x00000000d6380000)
  to   space 1536K, 0% used [0x00000000d6080000,0x00000000d6080000,0x00000000d6200000)
 ParOldGen       total 791552K, used 791317K [0x0000000080000000, 0x00000000b0500000, 0x00000000d5580000)
  object space 791552K, 99% used [0x0000000080000000,0x00000000b04c5608,0x00000000b0500000)
 Metaspace       used 80036K, committed 81984K, reserved 1179648K
  class space    used 8099K, committed 8960K, reserved 1048576K
}
Event: 990.645 GC heap after
{Heap after GC invocations=675 (full 4):
 PSYoungGen      total 12800K, used 1478K [0x00000000d5580000, 0x00000000d6600000, 0x0000000100000000)
  eden space 11264K, 0% used [0x00000000d5580000,0x00000000d5580000,0x00000000d6080000)
  from space 1536K, 96% used [0x00000000d6080000,0x00000000d61f1ac8,0x00000000d6200000)
  to   space 1536K, 0% used [0x00000000d6480000,0x00000000d6480000,0x00000000d6600000)
 ParOldGen       total 792576K, used 792381K [0x0000000080000000, 0x00000000b0600000, 0x00000000d5580000)
  object space 792576K, 99% used [0x0000000080000000,0x00000000b05cf678,0x00000000b0600000)
 Metaspace       used 80036K, committed 81984K, reserved 1179648K
  class space    used 8099K, committed 8960K, reserved 1048576K
}
Event: 990.822 GC heap before
{Heap before GC invocations=676 (full 4):
 PSYoungGen      total 12800K, used 12742K [0x00000000d5580000, 0x00000000d6600000, 0x0000000100000000)
  eden space 11264K, 100% used [0x00000000d5580000,0x00000000d6080000,0x00000000d6080000)
  from space 1536K, 96% used [0x00000000d6080000,0x00000000d61f1ac8,0x00000000d6200000)
  to   space 1536K, 0% used [0x00000000d6480000,0x00000000d6480000,0x00000000d6600000)
 ParOldGen       total 792576K, used 792381K [0x0000000080000000, 0x00000000b0600000, 0x00000000d5580000)
  object space 792576K, 99% used [0x0000000080000000,0x00000000b05cf678,0x00000000b0600000)
 Metaspace       used 80175K, committed 82112K, reserved 1179648K
  class space    used 8111K, committed 8960K, reserved 1048576K
}
Event: 990.829 GC heap after
{Heap after GC invocations=676 (full 4):
 PSYoungGen      total 11776K, used 324K [0x00000000d5580000, 0x00000000d6500000, 0x0000000100000000)
  eden space 11264K, 0% used [0x00000000d5580000,0x00000000d5580000,0x00000000d6080000)
  from space 512K, 63% used [0x00000000d6480000,0x00000000d64d1010,0x00000000d6500000)
  to   space 1024K, 0% used [0x00000000d6300000,0x00000000d6300000,0x00000000d6400000)
 ParOldGen       total 793600K, used 793565K [0x0000000080000000, 0x00000000b0700000, 0x00000000d5580000)
  object space 793600K, 99% used [0x0000000080000000,0x00000000b06f7680,0x00000000b0700000)
 Metaspace       used 80175K, committed 82112K, reserved 1179648K
  class space    used 8111K, committed 8960K, reserved 1048576K
}
Event: 992.082 GC heap before
{Heap before GC invocations=677 (full 4):
 PSYoungGen      total 11776K, used 11588K [0x00000000d5580000, 0x00000000d6500000, 0x0000000100000000)
  eden space 11264K, 99% used [0x00000000d5580000,0x00000000d607fff0,0x00000000d6080000)
  from space 512K, 63% used [0x00000000d6480000,0x00000000d64d1010,0x00000000d6500000)
  to   space 1024K, 0% used [0x00000000d6300000,0x00000000d6300000,0x00000000d6400000)
 ParOldGen       total 793600K, used 793565K [0x0000000080000000, 0x00000000b0700000, 0x00000000d5580000)
  object space 793600K, 99% used [0x0000000080000000,0x00000000b06f7680,0x00000000b0700000)
 Metaspace       used 80211K, committed 82112K, reserved 1179648K
  class space    used 8111K, committed 8960K, reserved 1048576K
}
Event: 992.086 GC heap after
{Heap after GC invocations=677 (full 4):
 PSYoungGen      total 12288K, used 912K [0x00000000d5580000, 0x00000000d6500000, 0x0000000100000000)
  eden space 11264K, 0% used [0x00000000d5580000,0x00000000d5580000,0x00000000d6080000)
  from space 1024K, 89% used [0x00000000d6300000,0x00000000d63e40b8,0x00000000d6400000)
  to   space 1024K, 0% used [0x00000000d6400000,0x00000000d6400000,0x00000000d6500000)
 ParOldGen       total 794112K, used 793645K [0x0000000080000000, 0x00000000b0780000, 0x00000000d5580000)
  object space 794112K, 99% used [0x0000000080000000,0x00000000b070b680,0x00000000b0780000)
 Metaspace       used 80211K, committed 82112K, reserved 1179648K
  class space    used 8111K, committed 8960K, reserved 1048576K
}
Event: 992.108 GC heap before
{Heap before GC invocations=678 (full 4):
 PSYoungGen      total 12288K, used 12176K [0x00000000d5580000, 0x00000000d6500000, 0x0000000100000000)
  eden space 11264K, 100% used [0x00000000d5580000,0x00000000d6080000,0x00000000d6080000)
  from space 1024K, 89% used [0x00000000d6300000,0x00000000d63e40b8,0x00000000d6400000)
  to   space 1024K, 0% used [0x00000000d6400000,0x00000000d6400000,0x00000000d6500000)
 ParOldGen       total 794112K, used 793645K [0x0000000080000000, 0x00000000b0780000, 0x00000000d5580000)
  object space 794112K, 99% used [0x0000000080000000,0x00000000b070b680,0x00000000b0780000)
 Metaspace       used 80211K, committed 82112K, reserved 1179648K
  class space    used 8111K, committed 8960K, reserved 1048576K
}
Event: 992.113 GC heap after
{Heap after GC invocations=678 (full 4):
 PSYoungGen      total 12288K, used 1008K [0x00000000d5580000, 0x00000000d6580000, 0x0000000100000000)
  eden space 11264K, 0% used [0x00000000d5580000,0x00000000d5580000,0x00000000d6080000)
  from space 1024K, 98% used [0x00000000d6400000,0x00000000d64fc050,0x00000000d6500000)
  to   space 2560K, 0% used [0x00000000d6080000,0x00000000d6080000,0x00000000d6300000)
 ParOldGen       total 794624K, used 794557K [0x0000000080000000, 0x00000000b0800000, 0x00000000d5580000)
  object space 794624K, 99% used [0x0000000080000000,0x00000000b07ef6b8,0x00000000b0800000)
 Metaspace       used 80211K, committed 82112K, reserved 1179648K
  class space    used 8111K, committed 8960K, reserved 1048576K
}
Event: 992.158 GC heap before
{Heap before GC invocations=679 (full 4):
 PSYoungGen      total 12288K, used 12272K [0x00000000d5580000, 0x00000000d6580000, 0x0000000100000000)
  eden space 11264K, 100% used [0x00000000d5580000,0x00000000d6080000,0x00000000d6080000)
  from space 1024K, 98% used [0x00000000d6400000,0x00000000d64fc050,0x00000000d6500000)
  to   space 2560K, 0% used [0x00000000d6080000,0x00000000d6080000,0x00000000d6300000)
 ParOldGen       total 794624K, used 794557K [0x0000000080000000, 0x00000000b0800000, 0x00000000d5580000)
  object space 794624K, 99% used [0x0000000080000000,0x00000000b07ef6b8,0x00000000b0800000)
 Metaspace       used 80221K, committed 82112K, reserved 1179648K
  class space    used 8111K, committed 8960K, reserved 1048576K
}
Event: 992.181 GC heap after
{Heap after GC invocations=679 (full 4):
 PSYoungGen      total 13312K, used 1618K [0x00000000d5580000, 0x00000000d6480000, 0x0000000100000000)
  eden space 11264K, 0% used [0x00000000d5580000,0x00000000d5580000,0x00000000d6080000)
  from space 2048K, 79% used [0x00000000d6080000,0x00000000d6214ae8,0x00000000d6280000)
  to   space 2048K, 0% used [0x00000000d6280000,0x00000000d6280000,0x00000000d6480000)
 ParOldGen       total 795648K, used 795549K [0x0000000080000000, 0x00000000b0900000, 0x00000000d5580000)
  object space 795648K, 99% used [0x0000000080000000,0x00000000b08e7728,0x00000000b0900000)
 Metaspace       used 80221K, committed 82112K, reserved 1179648K
  class space    used 8111K, committed 8960K, reserved 1048576K
}
Event: 992.238 GC heap before
{Heap before GC invocations=680 (full 4):
 PSYoungGen      total 13312K, used 12882K [0x00000000d5580000, 0x00000000d6480000, 0x0000000100000000)
  eden space 11264K, 100% used [0x00000000d5580000,0x00000000d6080000,0x00000000d6080000)
  from space 2048K, 79% used [0x00000000d6080000,0x00000000d6214ae8,0x00000000d6280000)
  to   space 2048K, 0% used [0x00000000d6280000,0x00000000d6280000,0x00000000d6480000)
 ParOldGen       total 795648K, used 795549K [0x0000000080000000, 0x00000000b0900000, 0x00000000d5580000)
  object space 795648K, 99% used [0x0000000080000000,0x00000000b08e7728,0x00000000b0900000)
 Metaspace       used 80229K, committed 82112K, reserved 1179648K
  class space    used 8111K, committed 8960K, reserved 1048576K
}
Event: 992.245 GC heap after
{Heap after GC invocations=680 (full 4):
 PSYoungGen      total 13312K, used 1592K [0x00000000d5580000, 0x00000000d6480000, 0x0000000100000000)
  eden space 11264K, 0% used [0x00000000d5580000,0x00000000d5580000,0x00000000d6080000)
  from space 2048K, 77% used [0x00000000d6280000,0x00000000d640e230,0x00000000d6480000)
  to   space 2048K, 0% used [0x00000000d6080000,0x00000000d6080000,0x00000000d6280000)
 ParOldGen       total 797184K, used 796752K [0x0000000080000000, 0x00000000b0a80000, 0x00000000d5580000)
  object space 797184K, 99% used [0x0000000080000000,0x00000000b0a14230,0x00000000b0a80000)
 Metaspace       used 80229K, committed 82112K, reserved 1179648K
  class space    used 8111K, committed 8960K, reserved 1048576K
}
Event: 992.279 GC heap before
{Heap before GC invocations=681 (full 4):
 PSYoungGen      total 13312K, used 12856K [0x00000000d5580000, 0x00000000d6480000, 0x0000000100000000)
  eden space 11264K, 100% used [0x00000000d5580000,0x00000000d6080000,0x00000000d6080000)
  from space 2048K, 77% used [0x00000000d6280000,0x00000000d640e230,0x00000000d6480000)
  to   space 2048K, 0% used [0x00000000d6080000,0x00000000d6080000,0x00000000d6280000)
 ParOldGen       total 797184K, used 796752K [0x0000000080000000, 0x00000000b0a80000, 0x00000000d5580000)
  object space 797184K, 99% used [0x0000000080000000,0x00000000b0a14230,0x00000000b0a80000)
 Metaspace       used 80229K, committed 82112K, reserved 1179648K
  class space    used 8111K, committed 8960K, reserved 1048576K
}
Event: 992.285 GC heap after
{Heap after GC invocations=681 (full 4):
 PSYoungGen      total 13312K, used 1625K [0x00000000d5580000, 0x00000000d6480000, 0x0000000100000000)
  eden space 11264K, 0% used [0x00000000d5580000,0x00000000d5580000,0x00000000d6080000)
  from space 2048K, 79% used [0x00000000d6080000,0x00000000d6216450,0x00000000d6280000)
  to   space 2048K, 0% used [0x00000000d6280000,0x00000000d6280000,0x00000000d6480000)
 ParOldGen       total 798208K, used 798193K [0x0000000080000000, 0x00000000b0b80000, 0x00000000d5580000)
  object space 798208K, 99% used [0x0000000080000000,0x00000000b0b7c730,0x00000000b0b80000)
 Metaspace       used 80229K, committed 82112K, reserved 1179648K
  class space    used 8111K, committed 8960K, reserved 1048576K
}

