# JRE version: OpenJDK Runtime Environment Temurin-21.0.10+7 (21.0.10+7) (build 21.0.10+7-LTS)
# Java VM: OpenJDK 64-Bit Server VM Temurin-21.0.10+7 (21.0.10+7-LTS, mixed mode, sharing, tiered, compressed oops, compressed class ptrs, parallel gc, windows-amd64)
GC Precious Log:
 CardTable entry size: 512
 CPUs: 12 total, 12 available
 Memory: 16068M
 Large Page Support: Disabled
 NUMA Support: Disabled
 Compressed Oops: Enabled (32-bit)
 Alignments: Space 512K, Generation 512K, Heap 2M
 Heap Min Capacity: 100M
 Heap Initial Capacity: 100M
 Heap Max Capacity: 2G
 Pre-touch: Disabled
 Parallel Workers: 10
Heap:
 PSYoungGen      total 5632K, used 1412K [0x00000000d5580000, 0x00000000d6000000, 0x0000000100000000)
  eden space 4608K, 20% used [0x00000000d5580000,0x00000000d56690a8,0x00000000d5a00000)
  from space 1024K, 46% used [0x00000000d5e80000,0x00000000d5ef8000,0x00000000d5f80000)
  to   space 512K, 0% used [0x00000000d5f80000,0x00000000d5f80000,0x00000000d6000000)
 ParOldGen       total 413184K, used 412850K [0x0000000080000000, 0x0000000099380000, 0x00000000d5580000)
  object space 413184K, 99% used [0x0000000080000000,0x000000009932cb78,0x0000000099380000)
 Metaspace       used 80224K, committed 82048K, reserved 1179648K
  class space    used 8184K, committed 9024K, reserved 1048576K
GC Heap History (20 events):
Event: 297.487 GC heap before
{Heap before GC invocations=362 (full 4):
 PSYoungGen      total 5632K, used 5460K [0x00000000d5580000, 0x00000000d5f00000, 0x0000000100000000)
  eden space 4608K, 100% used [0x00000000d5580000,0x00000000d5a00000,0x00000000d5a00000)
  from space 1024K, 83% used [0x00000000d5d00000,0x00000000d5dd5200,0x00000000d5e00000)
  to   space 1024K, 0% used [0x00000000d5e00000,0x00000000d5e00000,0x00000000d5f00000)
 ParOldGen       total 390144K, used 389634K [0x0000000080000000, 0x0000000097d00000, 0x00000000d5580000)
  object space 390144K, 99% used [0x0000000080000000,0x0000000097c80af0,0x0000000097d00000)
 Metaspace       used 79921K, committed 81600K, reserved 1179648K
  class space    used 8153K, committed 8896K, reserved 1048576K
}
Event: 297.492 GC heap after
{Heap after GC invocations=362 (full 4):
 PSYoungGen      total 5632K, used 1024K [0x00000000d5580000, 0x00000000d5f00000, 0x0000000100000000)
  eden space 4608K, 0% used [0x00000000d5580000,0x00000000d5580000,0x00000000d5a00000)
  from space 1024K, 100% used [0x00000000d5e00000,0x00000000d5f00000,0x00000000d5f00000)
  to   space 2560K, 0% used [0x00000000d5a00000,0x00000000d5a00000,0x00000000d5c80000)
 ParOldGen       total 391168K, used 390866K [0x0000000080000000, 0x0000000097e00000, 0x00000000d5580000)
  object space 391168K, 99% used [0x0000000080000000,0x0000000097db4af0,0x0000000097e00000)
 Metaspace       used 79921K, committed 81600K, reserved 1179648K
  class space    used 8153K, committed 8896K, reserved 1048576K
}
Event: 297.553 GC heap before
{Heap before GC invocations=363 (full 4):
 PSYoungGen      total 5632K, used 5632K [0x00000000d5580000, 0x00000000d5f00000, 0x0000000100000000)
  eden space 4608K, 100% used [0x00000000d5580000,0x00000000d5a00000,0x00000000d5a00000)
  from space 1024K, 100% used [0x00000000d5e00000,0x00000000d5f00000,0x00000000d5f00000)
  to   space 2560K, 0% used [0x00000000d5a00000,0x00000000d5a00000,0x00000000d5c80000)
 ParOldGen       total 391168K, used 390866K [0x0000000080000000, 0x0000000097e00000, 0x00000000d5580000)
  object space 391168K, 99% used [0x0000000080000000,0x0000000097db4af0,0x0000000097e00000)
 Metaspace       used 79921K, committed 81600K, reserved 1179648K
  class space    used 8153K, committed 8896K, reserved 1048576K
}
Event: 297.560 GC heap after
{Heap after GC invocations=363 (full 4):
 PSYoungGen      total 7168K, used 2544K [0x00000000d5580000, 0x00000000d6400000, 0x0000000100000000)
  eden space 4608K, 0% used [0x00000000d5580000,0x00000000d5580000,0x00000000d5a00000)
  from space 2560K, 99% used [0x00000000d5a00000,0x00000000d5c7c000,0x00000000d5c80000)
  to   space 5120K, 0% used [0x00000000d5f00000,0x00000000d5f00000,0x00000000d6400000)
 ParOldGen       total 393216K, used 392730K [0x0000000080000000, 0x0000000098000000, 0x00000000d5580000)
  object space 393216K, 99% used [0x0000000080000000,0x0000000097f86af0,0x0000000098000000)
 Metaspace       used 79921K, committed 81600K, reserved 1179648K
  class space    used 8153K, committed 8896K, reserved 1048576K
}
Event: 297.779 GC heap before
{Heap before GC invocations=364 (full 4):
 PSYoungGen      total 7168K, used 6862K [0x00000000d5580000, 0x00000000d6400000, 0x0000000100000000)
  eden space 4608K, 93% used [0x00000000d5580000,0x00000000d59b79b8,0x00000000d5a00000)
  from space 2560K, 99% used [0x00000000d5a00000,0x00000000d5c7c000,0x00000000d5c80000)
  to   space 5120K, 0% used [0x00000000d5f00000,0x00000000d5f00000,0x00000000d6400000)
 ParOldGen       total 393216K, used 392730K [0x0000000080000000, 0x0000000098000000, 0x00000000d5580000)
  object space 393216K, 99% used [0x0000000080000000,0x0000000097f86af0,0x0000000098000000)
 Metaspace       used 79921K, committed 81600K, reserved 1179648K
  class space    used 8153K, committed 8896K, reserved 1048576K
}
Event: 297.788 GC heap after
{Heap after GC invocations=364 (full 4):
 PSYoungGen      total 9216K, used 4487K [0x00000000d5580000, 0x00000000d6380000, 0x0000000100000000)
  eden space 4608K, 0% used [0x00000000d5580000,0x00000000d5580000,0x00000000d5a00000)
  from space 4608K, 97% used [0x00000000d5f00000,0x00000000d6361e28,0x00000000d6380000)
  to   space 4608K, 0% used [0x00000000d5a80000,0x00000000d5a80000,0x00000000d5f00000)
 ParOldGen       total 394240K, used 394082K [0x0000000080000000, 0x0000000098100000, 0x00000000d5580000)
  object space 394240K, 99% used [0x0000000080000000,0x00000000980d8af0,0x0000000098100000)
 Metaspace       used 79921K, committed 81600K, reserved 1179648K
  class space    used 8153K, committed 8896K, reserved 1048576K
}
Event: 297.816 GC heap before
{Heap before GC invocations=365 (full 4):
 PSYoungGen      total 9216K, used 9095K [0x00000000d5580000, 0x00000000d6380000, 0x0000000100000000)
  eden space 4608K, 100% used [0x00000000d5580000,0x00000000d5a00000,0x00000000d5a00000)
  from space 4608K, 97% used [0x00000000d5f00000,0x00000000d6361e28,0x00000000d6380000)
  to   space 4608K, 0% used [0x00000000d5a80000,0x00000000d5a80000,0x00000000d5f00000)
 ParOldGen       total 394240K, used 394082K [0x0000000080000000, 0x0000000098100000, 0x00000000d5580000)
  object space 394240K, 99% used [0x0000000080000000,0x00000000980d8af0,0x0000000098100000)
 Metaspace       used 79921K, committed 81600K, reserved 1179648K
  class space    used 8153K, committed 8896K, reserved 1048576K
}
Event: 297.825 GC heap after
{Heap after GC invocations=365 (full 4):
 PSYoungGen      total 9216K, used 4583K [0x00000000d5580000, 0x00000000d6e00000, 0x0000000100000000)
  eden space 4608K, 0% used [0x00000000d5580000,0x00000000d5580000,0x00000000d5a00000)
  from space 4608K, 99% used [0x00000000d5a80000,0x00000000d5ef9e28,0x00000000d5f00000)
  to   space 10240K, 0% used [0x00000000d6400000,0x00000000d6400000,0x00000000d6e00000)
 ParOldGen       total 398848K, used 398482K [0x0000000080000000, 0x0000000098580000, 0x00000000d5580000)
  object space 398848K, 99% used [0x0000000080000000,0x0000000098524918,0x0000000098580000)
 Metaspace       used 79921K, committed 81600K, reserved 1179648K
  class space    used 8153K, committed 8896K, reserved 1048576K
}
Event: 297.847 GC heap before
{Heap before GC invocations=366 (full 4):
 PSYoungGen      total 9216K, used 9191K [0x00000000d5580000, 0x00000000d6e00000, 0x0000000100000000)
  eden space 4608K, 100% used [0x00000000d5580000,0x00000000d5a00000,0x00000000d5a00000)
  from space 4608K, 99% used [0x00000000d5a80000,0x00000000d5ef9e28,0x00000000d5f00000)
  to   space 10240K, 0% used [0x00000000d6400000,0x00000000d6400000,0x00000000d6e00000)
 ParOldGen       total 398848K, used 398482K [0x0000000080000000, 0x0000000098580000, 0x00000000d5580000)
  object space 398848K, 99% used [0x0000000080000000,0x0000000098524918,0x0000000098580000)
 Metaspace       used 79921K, committed 81600K, reserved 1179648K
  class space    used 8153K, committed 8896K, reserved 1048576K
}
Event: 297.856 GC heap after
{Heap after GC invocations=366 (full 4):
 PSYoungGen      total 9728K, used 4736K [0x00000000d5580000, 0x00000000d6900000, 0x0000000100000000)
  eden space 4608K, 0% used [0x00000000d5580000,0x00000000d5580000,0x00000000d5a00000)
  from space 5120K, 92% used [0x00000000d6400000,0x00000000d68a0000,0x00000000d6900000)
  to   space 6656K, 0% used [0x00000000d5c00000,0x00000000d5c00000,0x00000000d6280000)
 ParOldGen       total 403456K, used 403049K [0x0000000080000000, 0x0000000098a00000, 0x00000000d5580000)
  object space 403456K, 99% used [0x0000000080000000,0x000000009899a740,0x0000000098a00000)
 Metaspace       used 79921K, committed 81600K, reserved 1179648K
  class space    used 8153K, committed 8896K, reserved 1048576K
}
Event: 297.885 GC heap before
{Heap before GC invocations=367 (full 4):
 PSYoungGen      total 9728K, used 9285K [0x00000000d5580000, 0x00000000d6900000, 0x0000000100000000)
  eden space 4608K, 98% used [0x00000000d5580000,0x00000000d59f15b8,0x00000000d5a00000)
  from space 5120K, 92% used [0x00000000d6400000,0x00000000d68a0000,0x00000000d6900000)
  to   space 6656K, 0% used [0x00000000d5c00000,0x00000000d5c00000,0x00000000d6280000)
 ParOldGen       total 403456K, used 403049K [0x0000000080000000, 0x0000000098a00000, 0x00000000d5580000)
  object space 403456K, 99% used [0x0000000080000000,0x000000009899a740,0x0000000098a00000)
 Metaspace       used 79921K, committed 81600K, reserved 1179648K
  class space    used 8153K, committed 8896K, reserved 1048576K
}
Event: 297.894 GC heap after
{Heap after GC invocations=367 (full 4):
 PSYoungGen      total 8704K, used 3968K [0x00000000d5580000, 0x00000000d6480000, 0x0000000100000000)
  eden space 4608K, 0% used [0x00000000d5580000,0x00000000d5580000,0x00000000d5a00000)
  from space 4096K, 96% used [0x00000000d5c00000,0x00000000d5fe0000,0x00000000d6000000)
  to   space 4608K, 0% used [0x00000000d6000000,0x00000000d6000000,0x00000000d6480000)
 ParOldGen       total 408064K, used 407697K [0x0000000080000000, 0x0000000098e80000, 0x00000000d5580000)
  object space 408064K, 99% used [0x0000000080000000,0x0000000098e24740,0x0000000098e80000)
 Metaspace       used 79921K, committed 81600K, reserved 1179648K
  class space    used 8153K, committed 8896K, reserved 1048576K
}
Event: 299.433 GC heap before
{Heap before GC invocations=368 (full 4):
 PSYoungGen      total 8704K, used 8576K [0x00000000d5580000, 0x00000000d6480000, 0x0000000100000000)
  eden space 4608K, 100% used [0x00000000d5580000,0x00000000d5a00000,0x00000000d5a00000)
  from space 4096K, 96% used [0x00000000d5c00000,0x00000000d5fe0000,0x00000000d6000000)
  to   space 4608K, 0% used [0x00000000d6000000,0x00000000d6000000,0x00000000d6480000)
 ParOldGen       total 408064K, used 407697K [0x0000000080000000, 0x0000000098e80000, 0x00000000d5580000)
  object space 408064K, 99% used [0x0000000080000000,0x0000000098e24740,0x0000000098e80000)
 Metaspace       used 79923K, committed 81600K, reserved 1179648K
  class space    used 8153K, committed 8896K, reserved 1048576K
}
Event: 299.440 GC heap after
{Heap after GC invocations=368 (full 4):
 PSYoungGen      total 6656K, used 1828K [0x00000000d5580000, 0x00000000d6200000, 0x0000000100000000)
  eden space 4608K, 0% used [0x00000000d5580000,0x00000000d5580000,0x00000000d5a00000)
  from space 2048K, 89% used [0x00000000d6000000,0x00000000d61c9230,0x00000000d6200000)
  to   space 3072K, 0% used [0x00000000d5c00000,0x00000000d5c00000,0x00000000d5f00000)
 ParOldGen       total 411136K, used 410889K [0x0000000080000000, 0x0000000099180000, 0x00000000d5580000)
  object space 411136K, 99% used [0x0000000080000000,0x0000000099142740,0x0000000099180000)
 Metaspace       used 79923K, committed 81600K, reserved 1179648K
  class space    used 8153K, committed 8896K, reserved 1048576K
}
Event: 299.513 GC heap before
{Heap before GC invocations=369 (full 4):
 PSYoungGen      total 6656K, used 6436K [0x00000000d5580000, 0x00000000d6200000, 0x0000000100000000)
  eden space 4608K, 100% used [0x00000000d5580000,0x00000000d5a00000,0x00000000d5a00000)
  from space 2048K, 89% used [0x00000000d6000000,0x00000000d61c9230,0x00000000d6200000)
  to   space 3072K, 0% used [0x00000000d5c00000,0x00000000d5c00000,0x00000000d5f00000)
 ParOldGen       total 411136K, used 410889K [0x0000000080000000, 0x0000000099180000, 0x00000000d5580000)
  object space 411136K, 99% used [0x0000000080000000,0x0000000099142740,0x0000000099180000)
 Metaspace       used 79923K, committed 81600K, reserved 1179648K
  class space    used 8153K, committed 8896K, reserved 1048576K
}
Event: 299.523 GC heap after
{Heap after GC invocations=369 (full 4):
 PSYoungGen      total 7680K, used 276K [0x00000000d5580000, 0x00000000d6080000, 0x0000000100000000)
  eden space 4608K, 0% used [0x00000000d5580000,0x00000000d5580000,0x00000000d5a00000)
  from space 3072K, 9% used [0x00000000d5c00000,0x00000000d5c45200,0x00000000d5f00000)
  to   space 1024K, 0% used [0x00000000d5f80000,0x00000000d5f80000,0x00000000d6080000)
 ParOldGen       total 412160K, used 412150K [0x0000000080000000, 0x0000000099280000, 0x00000000d5580000)
  object space 412160K, 99% used [0x0000000080000000,0x000000009927d968,0x0000000099280000)
 Metaspace       used 79923K, committed 81600K, reserved 1179648K
  class space    used 8153K, committed 8896K, reserved 1048576K
}
Event: 299.549 GC heap before
{Heap before GC invocations=370 (full 4):
 PSYoungGen      total 7680K, used 4884K [0x00000000d5580000, 0x00000000d6080000, 0x0000000100000000)
  eden space 4608K, 100% used [0x00000000d5580000,0x00000000d5a00000,0x00000000d5a00000)
  from space 3072K, 9% used [0x00000000d5c00000,0x00000000d5c45200,0x00000000d5f00000)
  to   space 1024K, 0% used [0x00000000d5f80000,0x00000000d5f80000,0x00000000d6080000)
 ParOldGen       total 412160K, used 412150K [0x0000000080000000, 0x0000000099280000, 0x00000000d5580000)
  object space 412160K, 99% used [0x0000000080000000,0x000000009927d968,0x0000000099280000)
 Metaspace       used 79925K, committed 81600K, reserved 1179648K
  class space    used 8153K, committed 8896K, reserved 1048576K
}
Event: 299.553 GC heap after
{Heap after GC invocations=370 (full 4):
 PSYoungGen      total 5632K, used 544K [0x00000000d5580000, 0x00000000d6080000, 0x0000000100000000)
  eden space 4608K, 0% used [0x00000000d5580000,0x00000000d5580000,0x00000000d5a00000)
  from space 1024K, 53% used [0x00000000d5f80000,0x00000000d6008000,0x00000000d6080000)
  to   space 1024K, 0% used [0x00000000d5e80000,0x00000000d5e80000,0x00000000d5f80000)
 ParOldGen       total 412672K, used 412386K [0x0000000080000000, 0x0000000099300000, 0x00000000d5580000)
  object space 412672K, 99% used [0x0000000080000000,0x00000000992b8b78,0x0000000099300000)
 Metaspace       used 79925K, committed 81600K, reserved 1179648K
  class space    used 8153K, committed 8896K, reserved 1048576K
}
Event: 307.200 GC heap before
{Heap before GC invocations=371 (full 4):
 PSYoungGen      total 5632K, used 5151K [0x00000000d5580000, 0x00000000d6080000, 0x0000000100000000)
  eden space 4608K, 99% used [0x00000000d5580000,0x00000000d59ffff8,0x00000000d5a00000)
  from space 1024K, 53% used [0x00000000d5f80000,0x00000000d6008000,0x00000000d6080000)
  to   space 1024K, 0% used [0x00000000d5e80000,0x00000000d5e80000,0x00000000d5f80000)
 ParOldGen       total 412672K, used 412386K [0x0000000080000000, 0x0000000099300000, 0x00000000d5580000)
  object space 412672K, 99% used [0x0000000080000000,0x00000000992b8b78,0x0000000099300000)
 Metaspace       used 80221K, committed 82048K, reserved 1179648K
  class space    used 8184K, committed 9024K, reserved 1048576K
}
Event: 307.202 GC heap after
{Heap after GC invocations=371 (full 4):
 PSYoungGen      total 5632K, used 480K [0x00000000d5580000, 0x00000000d6000000, 0x0000000100000000)
  eden space 4608K, 0% used [0x00000000d5580000,0x00000000d5580000,0x00000000d5a00000)
  from space 1024K, 46% used [0x00000000d5e80000,0x00000000d5ef8000,0x00000000d5f80000)
  to   space 512K, 0% used [0x00000000d5f80000,0x00000000d5f80000,0x00000000d6000000)
 ParOldGen       total 413184K, used 412850K [0x0000000080000000, 0x0000000099380000, 0x00000000d5580000)
  object space 413184K, 99% used [0x0000000080000000,0x000000009932cb78,0x0000000099380000)
 Metaspace       used 80221K, committed 82048K, reserved 1179648K
  class space    used 8184K, committed 9024K, reserved 1048576K
}

