# JRE version: OpenJDK Runtime Environment Temurin-21.0.10+7 (21.0.10+7) (build 21.0.10+7-LTS)
# Java VM: OpenJDK 64-Bit Server VM Temurin-21.0.10+7 (21.0.10+7-LTS, mixed mode, sharing, tiered, compressed oops, compressed class ptrs, parallel gc, windows-amd64)
GC Precious Log:
 CardTable entry size: 512
 CPUs: 12 total, 12 available
 Memory: 16068M
 Large Page Support: Disabled
 NUMA Support: Disabled
 Compressed Oops: Enabled (32-bit)
 Alignments: Space 512K, Generation 512K, Heap 2M
 Heap Min Capacity: 100M
 Heap Initial Capacity: 100M
 Heap Max Capacity: 2G
 Pre-touch: Disabled
 Parallel Workers: 10
Heap:
 PSYoungGen      total 3072K, used 1708K [0x00000000d5580000, 0x00000000d5a00000, 0x0000000100000000)
  eden space 2048K, 34% used [0x00000000d5580000,0x00000000d562ede0,0x00000000d5780000)
  from space 1024K, 98% used [0x00000000d5800000,0x00000000d58fc3f8,0x00000000d5900000)
  to   space 1024K, 0% used [0x00000000d5900000,0x00000000d5900000,0x00000000d5a00000)
 ParOldGen       total 194560K, used 194192K [0x0000000080000000, 0x000000008be00000, 0x00000000d5580000)
  object space 194560K, 99% used [0x0000000080000000,0x000000008bda43d8,0x000000008be00000)
 Metaspace       used 76395K, committed 78016K, reserved 1179648K
  class space    used 7763K, committed 8448K, reserved 1048576K
GC Heap History (20 events):
Event: 64.781 GC heap before
{Heap before GC invocations=334 (full 3):
 PSYoungGen      total 5120K, used 4698K [0x00000000d5580000, 0x00000000d5c00000, 0x0000000100000000)
  eden space 4096K, 100% used [0x00000000d5580000,0x00000000d5980000,0x00000000d5980000)
  from space 1024K, 58% used [0x00000000d5b00000,0x00000000d5b96b50,0x00000000d5c00000)
  to   space 1024K, 0% used [0x00000000d5980000,0x00000000d5980000,0x00000000d5a80000)
 ParOldGen       total 185856K, used 185535K [0x0000000080000000, 0x000000008b580000, 0x00000000d5580000)
  object space 185856K, 99% used [0x0000000080000000,0x000000008b52fc48,0x000000008b580000)
 Metaspace       used 76346K, committed 77952K, reserved 1179648K
  class space    used 7762K, committed 8448K, reserved 1048576K
}
Event: 64.789 GC heap after
{Heap after GC invocations=334 (full 3):
 PSYoungGen      total 5120K, used 320K [0x00000000d5580000, 0x00000000d5b80000, 0x0000000100000000)
  eden space 4096K, 0% used [0x00000000d5580000,0x00000000d5580000,0x00000000d5980000)
  from space 1024K, 31% used [0x00000000d5980000,0x00000000d59d0020,0x00000000d5a80000)
  to   space 512K, 0% used [0x00000000d5b00000,0x00000000d5b00000,0x00000000d5b80000)
 ParOldGen       total 186368K, used 185998K [0x0000000080000000, 0x000000008b600000, 0x00000000d5580000)
  object space 186368K, 99% used [0x0000000080000000,0x000000008b5a3ab0,0x000000008b600000)
 Metaspace       used 76346K, committed 77952K, reserved 1179648K
  class space    used 7762K, committed 8448K, reserved 1048576K
}
Event: 65.892 GC heap before
{Heap before GC invocations=335 (full 3):
 PSYoungGen      total 5120K, used 4416K [0x00000000d5580000, 0x00000000d5b80000, 0x0000000100000000)
  eden space 4096K, 100% used [0x00000000d5580000,0x00000000d5980000,0x00000000d5980000)
  from space 1024K, 31% used [0x00000000d5980000,0x00000000d59d0020,0x00000000d5a80000)
  to   space 512K, 0% used [0x00000000d5b00000,0x00000000d5b00000,0x00000000d5b80000)
 ParOldGen       total 186368K, used 185998K [0x0000000080000000, 0x000000008b600000, 0x00000000d5580000)
  object space 186368K, 99% used [0x0000000080000000,0x000000008b5a3ab0,0x000000008b600000)
 Metaspace       used 76390K, committed 78016K, reserved 1179648K
  class space    used 7763K, committed 8448K, reserved 1048576K
}
Event: 65.895 GC heap after
{Heap after GC invocations=335 (full 3):
 PSYoungGen      total 4608K, used 509K [0x00000000d5580000, 0x00000000d5b80000, 0x0000000100000000)
  eden space 4096K, 0% used [0x00000000d5580000,0x00000000d5580000,0x00000000d5980000)
  from space 512K, 99% used [0x00000000d5b00000,0x00000000d5b7f4b0,0x00000000d5b80000)
  to   space 1024K, 0% used [0x00000000d5980000,0x00000000d5980000,0x00000000d5a80000)
 ParOldGen       total 186368K, used 186291K [0x0000000080000000, 0x000000008b600000, 0x00000000d5580000)
  object space 186368K, 99% used [0x0000000080000000,0x000000008b5ece58,0x000000008b600000)
 Metaspace       used 76390K, committed 78016K, reserved 1179648K
  class space    used 7763K, committed 8448K, reserved 1048576K
}
Event: 66.173 GC heap before
{Heap before GC invocations=336 (full 3):
 PSYoungGen      total 4608K, used 4605K [0x00000000d5580000, 0x00000000d5b80000, 0x0000000100000000)
  eden space 4096K, 100% used [0x00000000d5580000,0x00000000d5980000,0x00000000d5980000)
  from space 512K, 99% used [0x00000000d5b00000,0x00000000d5b7f4b0,0x00000000d5b80000)
  to   space 1024K, 0% used [0x00000000d5980000,0x00000000d5980000,0x00000000d5a80000)
 ParOldGen       total 186368K, used 186291K [0x0000000080000000, 0x000000008b600000, 0x00000000d5580000)
  object space 186368K, 99% used [0x0000000080000000,0x000000008b5ece58,0x000000008b600000)
 Metaspace       used 76392K, committed 78016K, reserved 1179648K
  class space    used 7763K, committed 8448K, reserved 1048576K
}
Event: 66.177 GC heap after
{Heap after GC invocations=336 (full 3):
 PSYoungGen      total 5120K, used 544K [0x00000000d5580000, 0x00000000d5b80000, 0x0000000100000000)
  eden space 4096K, 0% used [0x00000000d5580000,0x00000000d5580000,0x00000000d5980000)
  from space 1024K, 53% used [0x00000000d5980000,0x00000000d5a08020,0x00000000d5a80000)
  to   space 1024K, 0% used [0x00000000d5a80000,0x00000000d5a80000,0x00000000d5b80000)
 ParOldGen       total 186880K, used 186832K [0x0000000080000000, 0x000000008b680000, 0x00000000d5580000)
  object space 186880K, 99% used [0x0000000080000000,0x000000008b674318,0x000000008b680000)
 Metaspace       used 76392K, committed 78016K, reserved 1179648K
  class space    used 7763K, committed 8448K, reserved 1048576K
}
Event: 66.562 GC heap before
{Heap before GC invocations=337 (full 3):
 PSYoungGen      total 5120K, used 4640K [0x00000000d5580000, 0x00000000d5b80000, 0x0000000100000000)
  eden space 4096K, 100% used [0x00000000d5580000,0x00000000d5980000,0x00000000d5980000)
  from space 1024K, 53% used [0x00000000d5980000,0x00000000d5a08020,0x00000000d5a80000)
  to   space 1024K, 0% used [0x00000000d5a80000,0x00000000d5a80000,0x00000000d5b80000)
 ParOldGen       total 186880K, used 186832K [0x0000000080000000, 0x000000008b680000, 0x00000000d5580000)
  object space 186880K, 99% used [0x0000000080000000,0x000000008b674318,0x000000008b680000)
 Metaspace       used 76392K, committed 78016K, reserved 1179648K
  class space    used 7763K, committed 8448K, reserved 1048576K
}
Event: 66.567 GC heap after
{Heap after GC invocations=337 (full 3):
 PSYoungGen      total 4608K, used 416K [0x00000000d5580000, 0x00000000d5b00000, 0x0000000100000000)
  eden space 4096K, 0% used [0x00000000d5580000,0x00000000d5580000,0x00000000d5980000)
  from space 512K, 81% used [0x00000000d5a80000,0x00000000d5ae8000,0x00000000d5b00000)
  to   space 512K, 0% used [0x00000000d5a00000,0x00000000d5a00000,0x00000000d5a80000)
 ParOldGen       total 187392K, used 187304K [0x0000000080000000, 0x000000008b700000, 0x00000000d5580000)
  object space 187392K, 99% used [0x0000000080000000,0x000000008b6ea338,0x000000008b700000)
 Metaspace       used 76392K, committed 78016K, reserved 1179648K
  class space    used 7763K, committed 8448K, reserved 1048576K
}
Event: 66.641 GC heap before
{Heap before GC invocations=338 (full 3):
 PSYoungGen      total 4608K, used 4512K [0x00000000d5580000, 0x00000000d5b00000, 0x0000000100000000)
  eden space 4096K, 100% used [0x00000000d5580000,0x00000000d5980000,0x00000000d5980000)
  from space 512K, 81% used [0x00000000d5a80000,0x00000000d5ae8000,0x00000000d5b00000)
  to   space 512K, 0% used [0x00000000d5a00000,0x00000000d5a00000,0x00000000d5a80000)
 ParOldGen       total 187392K, used 187304K [0x0000000080000000, 0x000000008b700000, 0x00000000d5580000)
  object space 187392K, 99% used [0x0000000080000000,0x000000008b6ea338,0x000000008b700000)
 Metaspace       used 76393K, committed 78016K, reserved 1179648K
  class space    used 7763K, committed 8448K, reserved 1048576K
}
Event: 66.645 GC heap after
{Heap after GC invocations=338 (full 3):
 PSYoungGen      total 4608K, used 496K [0x00000000d5580000, 0x00000000d5b80000, 0x0000000100000000)
  eden space 4096K, 0% used [0x00000000d5580000,0x00000000d5580000,0x00000000d5980000)
  from space 512K, 96% used [0x00000000d5a00000,0x00000000d5a7c030,0x00000000d5a80000)
  to   space 1024K, 0% used [0x00000000d5a80000,0x00000000d5a80000,0x00000000d5b80000)
 ParOldGen       total 187904K, used 187730K [0x0000000080000000, 0x000000008b780000, 0x00000000d5580000)
  object space 187904K, 99% used [0x0000000080000000,0x000000008b754b78,0x000000008b780000)
 Metaspace       used 76393K, committed 78016K, reserved 1179648K
  class space    used 7763K, committed 8448K, reserved 1048576K
}
Event: 66.704 GC heap before
{Heap before GC invocations=339 (full 3):
 PSYoungGen      total 4608K, used 4592K [0x00000000d5580000, 0x00000000d5b80000, 0x0000000100000000)
  eden space 4096K, 100% used [0x00000000d5580000,0x00000000d5980000,0x00000000d5980000)
  from space 512K, 96% used [0x00000000d5a00000,0x00000000d5a7c030,0x00000000d5a80000)
  to   space 1024K, 0% used [0x00000000d5a80000,0x00000000d5a80000,0x00000000d5b80000)
 ParOldGen       total 187904K, used 187730K [0x0000000080000000, 0x000000008b780000, 0x00000000d5580000)
  object space 187904K, 99% used [0x0000000080000000,0x000000008b754b78,0x000000008b780000)
 Metaspace       used 76394K, committed 78016K, reserved 1179648K
  class space    used 7763K, committed 8448K, reserved 1048576K
}
Event: 66.735 GC heap after
{Heap after GC invocations=339 (full 3):
 PSYoungGen      total 3072K, used 995K [0x00000000d5580000, 0x00000000d5f80000, 0x0000000100000000)
  eden space 2048K, 0% used [0x00000000d5580000,0x00000000d5580000,0x00000000d5780000)
  from space 1024K, 97% used [0x00000000d5a80000,0x00000000d5b78f20,0x00000000d5b80000)
  to   space 3072K, 0% used [0x00000000d5780000,0x00000000d5780000,0x00000000d5a80000)
 ParOldGen       total 189440K, used 189093K [0x0000000080000000, 0x000000008b900000, 0x00000000d5580000)
  object space 189440K, 99% used [0x0000000080000000,0x000000008b8a9750,0x000000008b900000)
 Metaspace       used 76394K, committed 78016K, reserved 1179648K
  class space    used 7763K, committed 8448K, reserved 1048576K
}
Event: 66.814 GC heap before
{Heap before GC invocations=340 (full 3):
 PSYoungGen      total 3072K, used 3043K [0x00000000d5580000, 0x00000000d5f80000, 0x0000000100000000)
  eden space 2048K, 100% used [0x00000000d5580000,0x00000000d5780000,0x00000000d5780000)
  from space 1024K, 97% used [0x00000000d5a80000,0x00000000d5b78f20,0x00000000d5b80000)
  to   space 3072K, 0% used [0x00000000d5780000,0x00000000d5780000,0x00000000d5a80000)
 ParOldGen       total 189440K, used 189093K [0x0000000080000000, 0x000000008b900000, 0x00000000d5580000)
  object space 189440K, 99% used [0x0000000080000000,0x000000008b8a9750,0x000000008b900000)
 Metaspace       used 76394K, committed 78016K, reserved 1179648K
  class space    used 7763K, committed 8448K, reserved 1048576K
}
Event: 66.820 GC heap after
{Heap after GC invocations=340 (full 3):
 PSYoungGen      total 3072K, used 885K [0x00000000d5580000, 0x00000000d5b00000, 0x0000000100000000)
  eden space 2048K, 0% used [0x00000000d5580000,0x00000000d5580000,0x00000000d5780000)
  from space 1024K, 86% used [0x00000000d5780000,0x00000000d585d6a8,0x00000000d5880000)
  to   space 1536K, 0% used [0x00000000d5980000,0x00000000d5980000,0x00000000d5b00000)
 ParOldGen       total 190464K, used 190104K [0x0000000080000000, 0x000000008ba00000, 0x00000000d5580000)
  object space 190464K, 99% used [0x0000000080000000,0x000000008b9a6200,0x000000008ba00000)
 Metaspace       used 76394K, committed 78016K, reserved 1179648K
  class space    used 7763K, committed 8448K, reserved 1048576K
}
Event: 66.862 GC heap before
{Heap before GC invocations=341 (full 3):
 PSYoungGen      total 3072K, used 2933K [0x00000000d5580000, 0x00000000d5b00000, 0x0000000100000000)
  eden space 2048K, 100% used [0x00000000d5580000,0x00000000d5780000,0x00000000d5780000)
  from space 1024K, 86% used [0x00000000d5780000,0x00000000d585d6a8,0x00000000d5880000)
  to   space 1536K, 0% used [0x00000000d5980000,0x00000000d5980000,0x00000000d5b00000)
 ParOldGen       total 190464K, used 190104K [0x0000000080000000, 0x000000008ba00000, 0x00000000d5580000)
  object space 190464K, 99% used [0x0000000080000000,0x000000008b9a6200,0x000000008ba00000)
 Metaspace       used 76394K, committed 78016K, reserved 1179648K
  class space    used 7763K, committed 8448K, reserved 1048576K
}
Event: 66.866 GC heap after
{Heap after GC invocations=341 (full 3):
 PSYoungGen      total 3584K, used 1270K [0x00000000d5580000, 0x00000000d5b00000, 0x0000000100000000)
  eden space 2048K, 0% used [0x00000000d5580000,0x00000000d5580000,0x00000000d5780000)
  from space 1536K, 82% used [0x00000000d5980000,0x00000000d5abdb88,0x00000000d5b00000)
  to   space 1536K, 0% used [0x00000000d5800000,0x00000000d5800000,0x00000000d5980000)
 ParOldGen       total 192000K, used 191621K [0x0000000080000000, 0x000000008bb80000, 0x00000000d5580000)
  object space 192000K, 99% used [0x0000000080000000,0x000000008bb214a0,0x000000008bb80000)
 Metaspace       used 76394K, committed 78016K, reserved 1179648K
  class space    used 7763K, committed 8448K, reserved 1048576K
}
Event: 66.941 GC heap before
{Heap before GC invocations=342 (full 3):
 PSYoungGen      total 3584K, used 3311K [0x00000000d5580000, 0x00000000d5b00000, 0x0000000100000000)
  eden space 2048K, 99% used [0x00000000d5580000,0x00000000d577e0d8,0x00000000d5780000)
  from space 1536K, 82% used [0x00000000d5980000,0x00000000d5abdb88,0x00000000d5b00000)
  to   space 1536K, 0% used [0x00000000d5800000,0x00000000d5800000,0x00000000d5980000)
 ParOldGen       total 192000K, used 191621K [0x0000000080000000, 0x000000008bb80000, 0x00000000d5580000)
  object space 192000K, 99% used [0x0000000080000000,0x000000008bb214a0,0x000000008bb80000)
 Metaspace       used 76394K, committed 78016K, reserved 1179648K
  class space    used 7763K, committed 8448K, reserved 1048576K
}
Event: 66.945 GC heap after
{Heap after GC invocations=342 (full 3):
 PSYoungGen      total 3072K, used 919K [0x00000000d5580000, 0x00000000d5a80000, 0x0000000100000000)
  eden space 2048K, 0% used [0x00000000d5580000,0x00000000d5580000,0x00000000d5780000)
  from space 1024K, 89% used [0x00000000d5800000,0x00000000d58e5fb0,0x00000000d5900000)
  to   space 1536K, 0% used [0x00000000d5900000,0x00000000d5900000,0x00000000d5a80000)
 ParOldGen       total 193024K, used 192699K [0x0000000080000000, 0x000000008bc80000, 0x00000000d5580000)
  object space 193024K, 99% used [0x0000000080000000,0x000000008bc2edb0,0x000000008bc80000)
 Metaspace       used 76394K, committed 78016K, reserved 1179648K
  class space    used 7763K, committed 8448K, reserved 1048576K
}
Event: 67.126 GC heap before
{Heap before GC invocations=343 (full 3):
 PSYoungGen      total 3072K, used 2967K [0x00000000d5580000, 0x00000000d5a80000, 0x0000000100000000)
  eden space 2048K, 100% used [0x00000000d5580000,0x00000000d5780000,0x00000000d5780000)
  from space 1024K, 89% used [0x00000000d5800000,0x00000000d58e5fb0,0x00000000d5900000)
  to   space 1536K, 0% used [0x00000000d5900000,0x00000000d5900000,0x00000000d5a80000)
 ParOldGen       total 193024K, used 192699K [0x0000000080000000, 0x000000008bc80000, 0x00000000d5580000)
  object space 193024K, 99% used [0x0000000080000000,0x000000008bc2edb0,0x000000008bc80000)
 Metaspace       used 76394K, committed 78016K, reserved 1179648K
  class space    used 7763K, committed 8448K, reserved 1048576K
}
Event: 67.132 GC heap after
{Heap after GC invocations=343 (full 3):
 PSYoungGen      total 3072K, used 754K [0x00000000d5580000, 0x00000000d5a00000, 0x0000000100000000)
  eden space 2048K, 0% used [0x00000000d5580000,0x00000000d5580000,0x00000000d5780000)
  from space 1024K, 73% used [0x00000000d5900000,0x00000000d59bcad0,0x00000000d5a00000)
  to   space 1024K, 0% used [0x00000000d5800000,0x00000000d5800000,0x00000000d5900000)
 ParOldGen       total 193536K, used 193450K [0x0000000080000000, 0x000000008bd00000, 0x00000000d5580000)
  object space 193536K, 99% used [0x0000000080000000,0x000000008bceab90,0x000000008bd00000)
 Metaspace       used 76394K, committed 78016K, reserved 1179648K
  class space    used 7763K, committed 8448K, reserved 1048576K
}

