# JRE version: OpenJDK Runtime Environment Temurin-21.0.10+7 (21.0.10+7) (build 21.0.10+7-LTS)
# Java VM: OpenJDK 64-Bit Server VM Temurin-21.0.10+7 (21.0.10+7-LTS, mixed mode, sharing, tiered, compressed oops, compressed class ptrs, parallel gc, windows-amd64)
GC Precious Log:
 CardTable entry size: 512
 CPUs: 12 total, 12 available
 Memory: 16068M
 Large Page Support: Disabled
 NUMA Support: Disabled
 Compressed Oops: Enabled (32-bit)
 Alignments: Space 512K, Generation 512K, Heap 2M
 Heap Min Capacity: 100M
 Heap Initial Capacity: 100M
 Heap Max Capacity: 2G
 Pre-touch: Disabled
 Parallel Workers: 10
Heap:
 PSYoungGen      total 3584K, used 855K [0x00000000d5580000, 0x00000000d5a00000, 0x0000000100000000)
  eden space 2560K, 4% used [0x00000000d5580000,0x00000000d559dcc0,0x00000000d5800000)
  from space 1024K, 71% used [0x00000000d5800000,0x00000000d58b8000,0x00000000d5900000)
  to   space 1024K, 0% used [0x00000000d5900000,0x00000000d5900000,0x00000000d5a00000)
 ParOldGen       total 363008K, used 320567K [0x0000000080000000, 0x0000000096280000, 0x00000000d5580000)
  object space 363008K, 88% used [0x0000000080000000,0x000000009390df50,0x0000000096280000)
 Metaspace       used 78636K, committed 80384K, reserved 1179648K
  class space    used 8026K, committed 8832K, reserved 1048576K
GC Heap History (20 events):
Event: 692.152 GC heap before
{Heap before GC invocations=648 (full 4):
 PSYoungGen      total 2560K, used 2368K [0x00000000d5580000, 0x00000000d5900000, 0x0000000100000000)
  eden space 2048K, 100% used [0x00000000d5580000,0x00000000d5780000,0x00000000d5780000)
  from space 512K, 62% used [0x00000000d5800000,0x00000000d5850000,0x00000000d5880000)
  to   space 512K, 0% used [0x00000000d5880000,0x00000000d5880000,0x00000000d5900000)
 ParOldGen       total 363008K, used 314540K [0x0000000080000000, 0x0000000096280000, 0x00000000d5580000)
  object space 363008K, 86% used [0x0000000080000000,0x000000009332b3d8,0x0000000096280000)
 Metaspace       used 78602K, committed 80384K, reserved 1179648K
  class space    used 8026K, committed 8832K, reserved 1048576K
}
Event: 692.154 GC heap after
{Heap after GC invocations=648 (full 4):
 PSYoungGen      total 2560K, used 256K [0x00000000d5580000, 0x00000000d5900000, 0x0000000100000000)
  eden space 2048K, 0% used [0x00000000d5580000,0x00000000d5580000,0x00000000d5780000)
  from space 512K, 50% used [0x00000000d5880000,0x00000000d58c0000,0x00000000d5900000)
  to   space 512K, 0% used [0x00000000d5800000,0x00000000d5800000,0x00000000d5880000)
 ParOldGen       total 363008K, used 314796K [0x0000000080000000, 0x0000000096280000, 0x00000000d5580000)
  object space 363008K, 86% used [0x0000000080000000,0x000000009336b3f8,0x0000000096280000)
 Metaspace       used 78602K, committed 80384K, reserved 1179648K
  class space    used 8026K, committed 8832K, reserved 1048576K
}
Event: 692.163 GC heap before
{Heap before GC invocations=649 (full 4):
 PSYoungGen      total 2560K, used 2304K [0x00000000d5580000, 0x00000000d5900000, 0x0000000100000000)
  eden space 2048K, 100% used [0x00000000d5580000,0x00000000d5780000,0x00000000d5780000)
  from space 512K, 50% used [0x00000000d5880000,0x00000000d58c0000,0x00000000d5900000)
  to   space 512K, 0% used [0x00000000d5800000,0x00000000d5800000,0x00000000d5880000)
 ParOldGen       total 363008K, used 314796K [0x0000000080000000, 0x0000000096280000, 0x00000000d5580000)
  object space 363008K, 86% used [0x0000000080000000,0x000000009336b3f8,0x0000000096280000)
 Metaspace       used 78602K, committed 80384K, reserved 1179648K
  class space    used 8026K, committed 8832K, reserved 1048576K
}
Event: 692.167 GC heap after
{Heap after GC invocations=649 (full 4):
 PSYoungGen      total 3072K, used 352K [0x00000000d5580000, 0x00000000d5900000, 0x0000000100000000)
  eden space 2560K, 0% used [0x00000000d5580000,0x00000000d5580000,0x00000000d5800000)
  from space 512K, 68% used [0x00000000d5800000,0x00000000d5858020,0x00000000d5880000)
  to   space 512K, 0% used [0x00000000d5880000,0x00000000d5880000,0x00000000d5900000)
 ParOldGen       total 363008K, used 314884K [0x0000000080000000, 0x0000000096280000, 0x00000000d5580000)
  object space 363008K, 86% used [0x0000000080000000,0x00000000933813f8,0x0000000096280000)
 Metaspace       used 78602K, committed 80384K, reserved 1179648K
  class space    used 8026K, committed 8832K, reserved 1048576K
}
Event: 692.193 GC heap before
{Heap before GC invocations=650 (full 4):
 PSYoungGen      total 3072K, used 2912K [0x00000000d5580000, 0x00000000d5900000, 0x0000000100000000)
  eden space 2560K, 100% used [0x00000000d5580000,0x00000000d5800000,0x00000000d5800000)
  from space 512K, 68% used [0x00000000d5800000,0x00000000d5858020,0x00000000d5880000)
  to   space 512K, 0% used [0x00000000d5880000,0x00000000d5880000,0x00000000d5900000)
 ParOldGen       total 363008K, used 314884K [0x0000000080000000, 0x0000000096280000, 0x00000000d5580000)
  object space 363008K, 86% used [0x0000000080000000,0x00000000933813f8,0x0000000096280000)
 Metaspace       used 78602K, committed 80384K, reserved 1179648K
  class space    used 8026K, committed 8832K, reserved 1048576K
}
Event: 692.196 GC heap after
{Heap after GC invocations=650 (full 4):
 PSYoungGen      total 3072K, used 480K [0x00000000d5580000, 0x00000000d5900000, 0x0000000100000000)
  eden space 2560K, 0% used [0x00000000d5580000,0x00000000d5580000,0x00000000d5800000)
  from space 512K, 93% used [0x00000000d5880000,0x00000000d58f8000,0x00000000d5900000)
  to   space 512K, 0% used [0x00000000d5800000,0x00000000d5800000,0x00000000d5880000)
 ParOldGen       total 363008K, used 315173K [0x0000000080000000, 0x0000000096280000, 0x00000000d5580000)
  object space 363008K, 86% used [0x0000000080000000,0x00000000933c9418,0x0000000096280000)
 Metaspace       used 78602K, committed 80384K, reserved 1179648K
  class space    used 8026K, committed 8832K, reserved 1048576K
}
Event: 692.206 GC heap before
{Heap before GC invocations=651 (full 4):
 PSYoungGen      total 3072K, used 3040K [0x00000000d5580000, 0x00000000d5900000, 0x0000000100000000)
  eden space 2560K, 100% used [0x00000000d5580000,0x00000000d5800000,0x00000000d5800000)
  from space 512K, 93% used [0x00000000d5880000,0x00000000d58f8000,0x00000000d5900000)
  to   space 512K, 0% used [0x00000000d5800000,0x00000000d5800000,0x00000000d5880000)
 ParOldGen       total 363008K, used 315173K [0x0000000080000000, 0x0000000096280000, 0x00000000d5580000)
  object space 363008K, 86% used [0x0000000080000000,0x00000000933c9418,0x0000000096280000)
 Metaspace       used 78602K, committed 80384K, reserved 1179648K
  class space    used 8026K, committed 8832K, reserved 1048576K
}
Event: 692.211 GC heap after
{Heap after GC invocations=651 (full 4):
 PSYoungGen      total 3072K, used 496K [0x00000000d5580000, 0x00000000d5a80000, 0x0000000100000000)
  eden space 2560K, 0% used [0x00000000d5580000,0x00000000d5580000,0x00000000d5800000)
  from space 512K, 96% used [0x00000000d5800000,0x00000000d587c010,0x00000000d5880000)
  to   space 1024K, 0% used [0x00000000d5980000,0x00000000d5980000,0x00000000d5a80000)
 ParOldGen       total 363008K, used 315533K [0x0000000080000000, 0x0000000096280000, 0x00000000d5580000)
  object space 363008K, 86% used [0x0000000080000000,0x0000000093423438,0x0000000096280000)
 Metaspace       used 78602K, committed 80384K, reserved 1179648K
  class space    used 8026K, committed 8832K, reserved 1048576K
}
Event: 692.236 GC heap before
{Heap before GC invocations=652 (full 4):
 PSYoungGen      total 3072K, used 3056K [0x00000000d5580000, 0x00000000d5a80000, 0x0000000100000000)
  eden space 2560K, 100% used [0x00000000d5580000,0x00000000d5800000,0x00000000d5800000)
  from space 512K, 96% used [0x00000000d5800000,0x00000000d587c010,0x00000000d5880000)
  to   space 1024K, 0% used [0x00000000d5980000,0x00000000d5980000,0x00000000d5a80000)
 ParOldGen       total 363008K, used 315533K [0x0000000080000000, 0x0000000096280000, 0x00000000d5580000)
  object space 363008K, 86% used [0x0000000080000000,0x0000000093423438,0x0000000096280000)
 Metaspace       used 78602K, committed 80384K, reserved 1179648K
  class space    used 8026K, committed 8832K, reserved 1048576K
}
Event: 692.240 GC heap after
{Heap after GC invocations=652 (full 4):
 PSYoungGen      total 3584K, used 816K [0x00000000d5580000, 0x00000000d5a80000, 0x0000000100000000)
  eden space 2560K, 0% used [0x00000000d5580000,0x00000000d5580000,0x00000000d5800000)
  from space 1024K, 79% used [0x00000000d5980000,0x00000000d5a4c010,0x00000000d5a80000)
  to   space 1024K, 0% used [0x00000000d5880000,0x00000000d5880000,0x00000000d5980000)
 ParOldGen       total 363008K, used 315909K [0x0000000080000000, 0x0000000096280000, 0x00000000d5580000)
  object space 363008K, 87% used [0x0000000080000000,0x0000000093481458,0x0000000096280000)
 Metaspace       used 78602K, committed 80384K, reserved 1179648K
  class space    used 8026K, committed 8832K, reserved 1048576K
}
Event: 692.348 GC heap before
{Heap before GC invocations=653 (full 4):
 PSYoungGen      total 3584K, used 3376K [0x00000000d5580000, 0x00000000d5a80000, 0x0000000100000000)
  eden space 2560K, 100% used [0x00000000d5580000,0x00000000d5800000,0x00000000d5800000)
  from space 1024K, 79% used [0x00000000d5980000,0x00000000d5a4c010,0x00000000d5a80000)
  to   space 1024K, 0% used [0x00000000d5880000,0x00000000d5880000,0x00000000d5980000)
 ParOldGen       total 363008K, used 315909K [0x0000000080000000, 0x0000000096280000, 0x00000000d5580000)
  object space 363008K, 87% used [0x0000000080000000,0x0000000093481458,0x0000000096280000)
 Metaspace       used 78603K, committed 80384K, reserved 1179648K
  class space    used 8026K, committed 8832K, reserved 1048576K
}
Event: 692.354 GC heap after
{Heap after GC invocations=653 (full 4):
 PSYoungGen      total 3584K, used 832K [0x00000000d5580000, 0x00000000d5a00000, 0x0000000100000000)
  eden space 2560K, 0% used [0x00000000d5580000,0x00000000d5580000,0x00000000d5800000)
  from space 1024K, 81% used [0x00000000d5880000,0x00000000d5950000,0x00000000d5980000)
  to   space 512K, 0% used [0x00000000d5980000,0x00000000d5980000,0x00000000d5a00000)
 ParOldGen       total 363008K, used 316653K [0x0000000080000000, 0x0000000096280000, 0x00000000d5580000)
  object space 363008K, 87% used [0x0000000080000000,0x000000009353b478,0x0000000096280000)
 Metaspace       used 78603K, committed 80384K, reserved 1179648K
  class space    used 8026K, committed 8832K, reserved 1048576K
}
Event: 692.367 GC heap before
{Heap before GC invocations=654 (full 4):
 PSYoungGen      total 3584K, used 2632K [0x00000000d5580000, 0x00000000d5a00000, 0x0000000100000000)
  eden space 2560K, 70% used [0x00000000d5580000,0x00000000d57420b0,0x00000000d5800000)
  from space 1024K, 81% used [0x00000000d5880000,0x00000000d5950000,0x00000000d5980000)
  to   space 512K, 0% used [0x00000000d5980000,0x00000000d5980000,0x00000000d5a00000)
 ParOldGen       total 363008K, used 316653K [0x0000000080000000, 0x0000000096280000, 0x00000000d5580000)
  object space 363008K, 87% used [0x0000000080000000,0x000000009353b478,0x0000000096280000)
 Metaspace       used 78603K, committed 80384K, reserved 1179648K
  class space    used 8026K, committed 8832K, reserved 1048576K
}
Event: 692.372 GC heap after
{Heap after GC invocations=654 (full 4):
 PSYoungGen      total 3072K, used 496K [0x00000000d5580000, 0x00000000d5a00000, 0x0000000100000000)
  eden space 2560K, 0% used [0x00000000d5580000,0x00000000d5580000,0x00000000d5800000)
  from space 512K, 96% used [0x00000000d5980000,0x00000000d59fc010,0x00000000d5a00000)
  to   space 1024K, 0% used [0x00000000d5800000,0x00000000d5800000,0x00000000d5900000)
 ParOldGen       total 363008K, used 317349K [0x0000000080000000, 0x0000000096280000, 0x00000000d5580000)
  object space 363008K, 87% used [0x0000000080000000,0x00000000935e9488,0x0000000096280000)
 Metaspace       used 78603K, committed 80384K, reserved 1179648K
  class space    used 8026K, committed 8832K, reserved 1048576K
}
Event: 692.395 GC heap before
{Heap before GC invocations=655 (full 4):
 PSYoungGen      total 3072K, used 3056K [0x00000000d5580000, 0x00000000d5a00000, 0x0000000100000000)
  eden space 2560K, 100% used [0x00000000d5580000,0x00000000d5800000,0x00000000d5800000)
  from space 512K, 96% used [0x00000000d5980000,0x00000000d59fc010,0x00000000d5a00000)
  to   space 1024K, 0% used [0x00000000d5800000,0x00000000d5800000,0x00000000d5900000)
 ParOldGen       total 363008K, used 317349K [0x0000000080000000, 0x0000000096280000, 0x00000000d5580000)
  object space 363008K, 87% used [0x0000000080000000,0x00000000935e9488,0x0000000096280000)
 Metaspace       used 78603K, committed 80384K, reserved 1179648K
  class space    used 8026K, committed 8832K, reserved 1048576K
}
Event: 692.400 GC heap after
{Heap after GC invocations=655 (full 4):
 PSYoungGen      total 3584K, used 320K [0x00000000d5580000, 0x00000000d5a00000, 0x0000000100000000)
  eden space 2560K, 0% used [0x00000000d5580000,0x00000000d5580000,0x00000000d5800000)
  from space 1024K, 31% used [0x00000000d5800000,0x00000000d5850000,0x00000000d5900000)
  to   space 512K, 0% used [0x00000000d5980000,0x00000000d5980000,0x00000000d5a00000)
 ParOldGen       total 363008K, used 320197K [0x0000000080000000, 0x0000000096280000, 0x00000000d5580000)
  object space 363008K, 88% used [0x0000000080000000,0x00000000938b14a8,0x0000000096280000)
 Metaspace       used 78603K, committed 80384K, reserved 1179648K
  class space    used 8026K, committed 8832K, reserved 1048576K
}
Event: 692.462 GC heap before
{Heap before GC invocations=656 (full 4):
 PSYoungGen      total 3584K, used 2880K [0x00000000d5580000, 0x00000000d5a00000, 0x0000000100000000)
  eden space 2560K, 100% used [0x00000000d5580000,0x00000000d5800000,0x00000000d5800000)
  from space 1024K, 31% used [0x00000000d5800000,0x00000000d5850000,0x00000000d5900000)
  to   space 512K, 0% used [0x00000000d5980000,0x00000000d5980000,0x00000000d5a00000)
 ParOldGen       total 363008K, used 320197K [0x0000000080000000, 0x0000000096280000, 0x00000000d5580000)
  object space 363008K, 88% used [0x0000000080000000,0x00000000938b14a8,0x0000000096280000)
 Metaspace       used 78607K, committed 80384K, reserved 1179648K
  class space    used 8026K, committed 8832K, reserved 1048576K
}
Event: 692.466 GC heap after
{Heap after GC invocations=656 (full 4):
 PSYoungGen      total 3072K, used 482K [0x00000000d5580000, 0x00000000d5a00000, 0x0000000100000000)
  eden space 2560K, 0% used [0x00000000d5580000,0x00000000d5580000,0x00000000d5800000)
  from space 512K, 94% used [0x00000000d5980000,0x00000000d59f8a98,0x00000000d5a00000)
  to   space 1024K, 0% used [0x00000000d5800000,0x00000000d5800000,0x00000000d5900000)
 ParOldGen       total 363008K, used 320301K [0x0000000080000000, 0x0000000096280000, 0x00000000d5580000)
  object space 363008K, 88% used [0x0000000080000000,0x00000000938cb4a8,0x0000000096280000)
 Metaspace       used 78607K, committed 80384K, reserved 1179648K
  class space    used 8026K, committed 8832K, reserved 1048576K
}
Event: 692.703 GC heap before
{Heap before GC invocations=657 (full 4):
 PSYoungGen      total 3072K, used 3042K [0x00000000d5580000, 0x00000000d5a00000, 0x0000000100000000)
  eden space 2560K, 99% used [0x00000000d5580000,0x00000000d57ffff0,0x00000000d5800000)
  from space 512K, 94% used [0x00000000d5980000,0x00000000d59f8a98,0x00000000d5a00000)
  to   space 1024K, 0% used [0x00000000d5800000,0x00000000d5800000,0x00000000d5900000)
 ParOldGen       total 363008K, used 320301K [0x0000000080000000, 0x0000000096280000, 0x00000000d5580000)
  object space 363008K, 88% used [0x0000000080000000,0x00000000938cb4a8,0x0000000096280000)
 Metaspace       used 78634K, committed 80384K, reserved 1179648K
  class space    used 8026K, committed 8832K, reserved 1048576K
}
Event: 692.709 GC heap after
{Heap after GC invocations=657 (full 4):
 PSYoungGen      total 3584K, used 736K [0x00000000d5580000, 0x00000000d5a00000, 0x0000000100000000)
  eden space 2560K, 0% used [0x00000000d5580000,0x00000000d5580000,0x00000000d5800000)
  from space 1024K, 71% used [0x00000000d5800000,0x00000000d58b8000,0x00000000d5900000)
  to   space 1024K, 0% used [0x00000000d5900000,0x00000000d5900000,0x00000000d5a00000)
 ParOldGen       total 363008K, used 320567K [0x0000000080000000, 0x0000000096280000, 0x00000000d5580000)
  object space 363008K, 88% used [0x0000000080000000,0x000000009390df50,0x0000000096280000)
 Metaspace       used 78634K, committed 80384K, reserved 1179648K
  class space    used 8026K, committed 8832K, reserved 1048576K
}

